13:54:43.794 [main] INFO  testCases.TC001_AccountRegistrationTest - ***** Finished TC001_AccountRegistrationTest *****
13:54:48.790 [main] INFO  testCases.TC002_LoginTest - ***** Starting TC_002_LoginTest ****
13:54:51.437 [main] INFO  testCases.TC002_LoginTest - ***** Finished TC_002_LoginTest ****
12:30:12.148 [main] INFO  org.testng.internal.Utils - [TestNG] Running:
  C:\Users\Gaurav\eclipse-workspace\OpencartV121\grouping.xml

12:30:20.249 [main] INFO  testCases.TC001_AccountRegistrationTest - ***** Starting TC001_AccountRegistrationTest *****
12:30:20.742 [main] INFO  testCases.TC001_AccountRegistrationTest - Clicked on My Account link
12:30:21.575 [main] INFO  testCases.TC001_AccountRegistrationTest - Clicked on Register link
12:30:21.579 [main] INFO  testCases.TC001_AccountRegistrationTest - Providing customer details...
12:30:23.554 [main] INFO  testCases.TC001_AccountRegistrationTest - Validating expected confirmation message...
12:30:23.678 [main] INFO  testCases.TC001_AccountRegistrationTest - Account registration successful.
12:30:23.681 [main] INFO  testCases.TC001_AccountRegistrationTest - ***** Finished TC001_AccountRegistrationTest *****
12:30:28.893 [main] INFO  testCases.TC002_LoginTest - ***** Starting TC_002_LoginTest ****
12:30:31.226 [main] INFO  testCases.TC002_LoginTest - ***** Finished TC_002_LoginTest ****
21:52:46.539 [main] INFO  org.testng.internal.Utils - [TestNG] Running:
  C:\Users\Gaurav\eclipse-workspace\OpencartV121\master.xml

21:52:57.420 [main] INFO  testCases.TC001_AccountRegistrationTest - ***** Starting TC001_AccountRegistrationTest *****
21:52:58.705 [main] INFO  testCases.TC001_AccountRegistrationTest - Clicked on My Account link
21:52:59.912 [main] INFO  testCases.TC001_AccountRegistrationTest - Clicked on Register link
21:52:59.916 [main] INFO  testCases.TC001_AccountRegistrationTest - Providing customer details...
21:53:02.797 [main] INFO  testCases.TC001_AccountRegistrationTest - Validating expected confirmation message...
21:53:02.865 [main] INFO  testCases.TC001_AccountRegistrationTest - Account registration successful.
21:53:02.869 [main] INFO  testCases.TC001_AccountRegistrationTest - ***** Finished TC001_AccountRegistrationTest *****
21:53:10.495 [main] INFO  testCases.TC002_LoginTest - ***** Starting TC_002_LoginTest ****
21:53:13.119 [main] INFO  testCases.TC002_LoginTest - ***** Finished TC_002_LoginTest ****
21:55:03.751 [main] INFO  org.testng.internal.Utils - [TestNG] Running:
  C:\Users\Gaurav\eclipse-workspace\OpencartV121\master.xml

21:55:11.273 [main] INFO  testCases.TC001_AccountRegistrationTest - ***** Starting TC001_AccountRegistrationTest *****
21:55:11.935 [main] INFO  testCases.TC001_AccountRegistrationTest - Clicked on My Account link
21:55:12.800 [main] INFO  testCases.TC001_AccountRegistrationTest - Clicked on Register link
21:55:12.804 [main] INFO  testCases.TC001_AccountRegistrationTest - Providing customer details...
21:55:14.814 [main] INFO  testCases.TC001_AccountRegistrationTest - Validating expected confirmation message...
21:55:14.900 [main] INFO  testCases.TC001_AccountRegistrationTest - Account registration successful.
21:55:14.903 [main] INFO  testCases.TC001_AccountRegistrationTest - ***** Finished TC001_AccountRegistrationTest *****
21:55:22.026 [main] INFO  testCases.TC002_LoginTest - ***** Starting TC_002_LoginTest ****
21:55:24.892 [main] INFO  testCases.TC002_LoginTest - ***** Finished TC_002_LoginTest ****
21:49:44.957 [main] INFO  org.testng.internal.Utils - [TestNG] Running:
  C:\Users\Gaurav\eclipse-workspace\OpencartV121\grid-docker.xml

21:49:57.244 [main] INFO  testCases.TC001_AccountRegistrationTest - ***** Starting TC001_AccountRegistrationTest *****
21:49:57.681 [main] INFO  testCases.TC001_AccountRegistrationTest - Clicked on My Account link
21:49:58.438 [main] INFO  testCases.TC001_AccountRegistrationTest - Clicked on Register link
21:49:58.446 [main] INFO  testCases.TC001_AccountRegistrationTest - Providing customer details...
21:50:02.925 [main] INFO  testCases.TC001_AccountRegistrationTest - Validating expected confirmation message...
21:50:02.996 [main] INFO  testCases.TC001_AccountRegistrationTest - Account registration successful.
21:50:03.000 [main] INFO  testCases.TC001_AccountRegistrationTest - ***** Finished TC001_AccountRegistrationTest *****
21:52:51.469 [main] INFO  org.testng.internal.Utils - [TestNG] Running:
  C:\Users\Gaurav\eclipse-workspace\OpencartV121\grid-docker.xml

21:55:37.848 [main] INFO  testCases.TC001_AccountRegistrationTest - ***** Starting TC001_AccountRegistrationTest *****
21:55:38.276 [main] INFO  testCases.TC001_AccountRegistrationTest - Clicked on My Account link
21:55:38.978 [main] INFO  testCases.TC001_AccountRegistrationTest - Clicked on Register link
21:55:38.982 [main] INFO  testCases.TC001_AccountRegistrationTest - Providing customer details...
21:55:40.949 [main] INFO  testCases.TC001_AccountRegistrationTest - Validating expected confirmation message...
